<?xml version="1.0" encoding="UTF-8"?>
<robot generator="Robot 3.1.2 (Python 3.8.2 on win32)" generated="20200426 16:01:46.081" rpa="false">
<suite id="s1" name="Argumentos" source="G:\dev\projects\RobotFramework\RobotFrameworkAdvance\argumentos.robot">
<test id="s1-t1" name="Relembrando argumentos posicionais x nomeados">
<kw name="Teste de Argumentos Básico">
<arguments>
<arg>1</arg>
<arg>2</arg>
<arg>3</arg>
<arg>4</arg>
</arguments>
<kw name="Log" library="BuiltIn">
<doc>Logs the given message with the given level.</doc>
<arguments>
<arg>${arg1} - ${arg2} - ${arg3} - ${arg4}</arg>
</arguments>
<msg timestamp="20200426 16:01:46.154" level="INFO">1 - 2 - 3 - 4</msg>
<status status="PASS" starttime="20200426 16:01:46.153" endtime="20200426 16:01:46.154"></status>
</kw>
<status status="PASS" starttime="20200426 16:01:46.151" endtime="20200426 16:01:46.154"></status>
</kw>
<kw name="Teste de Argumentos Básico">
<arguments>
<arg>arg4=1</arg>
<arg>arg3=2</arg>
<arg>arg2=3</arg>
<arg>arg1=4</arg>
</arguments>
<kw name="Log" library="BuiltIn">
<doc>Logs the given message with the given level.</doc>
<arguments>
<arg>${arg1} - ${arg2} - ${arg3} - ${arg4}</arg>
</arguments>
<msg timestamp="20200426 16:01:46.157" level="INFO">4 - 3 - 2 - 1</msg>
<status status="PASS" starttime="20200426 16:01:46.156" endtime="20200426 16:01:46.157"></status>
</kw>
<status status="PASS" starttime="20200426 16:01:46.155" endtime="20200426 16:01:46.158"></status>
</kw>
<status status="PASS" starttime="20200426 16:01:46.150" endtime="20200426 16:01:46.180" critical="yes"></status>
</test>
<test id="s1-t2" name="Teste de Argumentos Opcionais">
<kw name="Passando argumentos opcionais como parâmetro">
<arguments>
<arg>nome=Mayara</arg>
<arg>ultimo_nome=Fernandes</arg>
</arguments>
<kw name="Log" library="BuiltIn">
<doc>Logs the given message with the given level.</doc>
<arguments>
<arg>Nome completo: ${nome} ${nome_do_meio} ${ultimo_nome}</arg>
</arguments>
<msg timestamp="20200426 16:01:46.187" level="INFO">Nome completo: Mayara silva Fernandes</msg>
<status status="PASS" starttime="20200426 16:01:46.186" endtime="20200426 16:01:46.187"></status>
</kw>
<status status="PASS" starttime="20200426 16:01:46.184" endtime="20200426 16:01:46.188"></status>
</kw>
<kw name="Passando argumentos opcionais como parâmetro">
<arguments>
<arg>nome=Mayara</arg>
<arg>nome_do_meio=Ribeiro</arg>
<arg>ultimo_nome=Fernandes</arg>
</arguments>
<kw name="Log" library="BuiltIn">
<doc>Logs the given message with the given level.</doc>
<arguments>
<arg>Nome completo: ${nome} ${nome_do_meio} ${ultimo_nome}</arg>
</arguments>
<msg timestamp="20200426 16:01:46.213" level="INFO">Nome completo: Mayara Ribeiro Fernandes</msg>
<status status="PASS" starttime="20200426 16:01:46.212" endtime="20200426 16:01:46.214"></status>
</kw>
<status status="PASS" starttime="20200426 16:01:46.211" endtime="20200426 16:01:46.214"></status>
</kw>
<status status="PASS" starttime="20200426 16:01:46.183" endtime="20200426 16:01:46.215" critical="yes"></status>
</test>
<test id="s1-t3" name="Criando lista e dicionário via parâmetro">
<kw name="Teste Criando um Dicionário">
<arguments>
<arg>cwd=/home/user</arg>
<arg>shell=True</arg>
<arg>env=False</arg>
</arguments>
<kw name="Log" library="BuiltIn">
<doc>Logs the given message with the given level.</doc>
<arguments>
<arg>${meu_dicionario}</arg>
</arguments>
<msg timestamp="20200426 16:01:46.219" level="INFO">{'cwd': '/home/user', 'shell': 'True', 'env': 'False'}</msg>
<status status="PASS" starttime="20200426 16:01:46.219" endtime="20200426 16:01:46.219"></status>
</kw>
<status status="PASS" starttime="20200426 16:01:46.218" endtime="20200426 16:01:46.220"></status>
</kw>
<kw name="Teste Criando uma Lista">
<arguments>
<arg>may</arg>
<arg>ribeiro</arg>
<arg>fernandes</arg>
</arguments>
<kw name="Log" library="BuiltIn">
<doc>Logs the given message with the given level.</doc>
<arguments>
<arg>${minha_lista}</arg>
</arguments>
<msg timestamp="20200426 16:01:46.221" level="INFO">['may', 'ribeiro', 'fernandes']</msg>
<status status="PASS" starttime="20200426 16:01:46.221" endtime="20200426 16:01:46.221"></status>
</kw>
<status status="PASS" starttime="20200426 16:01:46.220" endtime="20200426 16:01:46.221"></status>
</kw>
<kw name="Teste Criando os dois">
<arguments>
<arg>may</arg>
<arg>ribeiro</arg>
<arg>fernandes</arg>
<arg>shell=True</arg>
<arg>env=False</arg>
</arguments>
<kw name="Log" library="BuiltIn">
<doc>Logs the given message with the given level.</doc>
<arguments>
<arg>${minha_lista}\n${meu_dicionario}</arg>
</arguments>
<msg timestamp="20200426 16:01:46.225" level="INFO">['may', 'ribeiro', 'fernandes']
{'shell': 'True', 'env': 'False'}</msg>
<status status="PASS" starttime="20200426 16:01:46.222" endtime="20200426 16:01:46.225"></status>
</kw>
<status status="PASS" starttime="20200426 16:01:46.222" endtime="20200426 16:01:46.226"></status>
</kw>
<doc>No Python é conhecido como "kwargs"</doc>
<status status="PASS" starttime="20200426 16:01:46.217" endtime="20200426 16:01:46.227" critical="yes"></status>
</test>
<status status="PASS" starttime="20200426 16:01:46.084" endtime="20200426 16:01:46.255"></status>
</suite>
<statistics>
<total>
<stat pass="3" fail="0">Critical Tests</stat>
<stat pass="3" fail="0">All Tests</stat>
</total>
<tag>
</tag>
<suite>
<stat pass="3" fail="0" id="s1" name="Argumentos">Argumentos</stat>
</suite>
</statistics>
<errors>
</errors>
</robot>
